nohup: ignoring input
进程1min启动成功！
btcusdt BTCethusdt 1min
ltcusdt  bchusdtETH LTC  BCH 1min1mineosusdt1min


xrpusdt EOS 1min
 XRPetcusdt ETC 1min 
trxusdt1min
 TRX 1min
{"id": 1583339914, "open": 8748.8, "high": 8749.0, "low": 8748.8, "close": 8749.0, "vol": 10.51}
{"id": 1583339914, "open": 7.747999999999999, "high": 7.747999999999999, "low": 7.718999999999999, "close": 7.7219999999999995, "vol": 10.95}
{"id": 1583339914, "open": 0.0171, "high": 0.0171, "low": 0.01707, "close": 0.01707, "vol": 20.15}
{"id": 1583339914, "open": 3.6292, "high": 3.6292, "low": 3.6262, "close": 3.6262, "vol": 9.31}
{"id": 1583339914, "open": 314.45, "high": 314.45, "low": 314.21999999999997, "close": 314.22999999999996, "vol": 21.53}
{"id": 1583339914, "open": 212.87, "high": 212.87, "low": 212.83999999999997, "close": 212.86, "vol": 22.55}{"id": 1583339914, "open": 59.375, "high": 59.375, "low": 59.275, "close": 59.275, "vol": 14.74}

{"id": 1583339914, "open": 0.2329, "high": 0.2329, "low": 0.2323, "close": 0.2323, "vol": 10.39}
{"id": 1583339914, "open": 0.2329, "high": 0.2329, "low": 0.2322, "close": 0.2322, "vol": 9.93}
{"id": 1583339914, "open": 8748.8, "high": 8749.0, "low": 8748.8, "close": 8749.0, "vol": 17.93}
{"id": 1583339914, "open": 314.45, "high": 314.45, "low": 314.21999999999997, "close": 314.22999999999996, "vol": 10.87}
{"id": 1583339914, "open": 3.6292, "high": 3.6292, "low": 3.6262, "close": 3.6262, "vol": 22.29}
{"id": 1583339915, "open": 59.375, "high": 59.375, "low": 59.275, "close": 59.275, "vol": 22.25}
{"id": 1583339916, "open": 314.45, "high": 314.45, "low": 314.15, "close": 314.15, "vol": 13.03}
{"id": 1583339916, "open": 8748.8, "high": 8749.0, "low": 8748.8, "close": 8749.0, "vol": 22.25}
{"id": 1583339916, "open": 314.45, "high": 314.45, "low": 314.15, "close": 314.19, "vol": 10.86}
{"id": 1583339916, "open": 212.87, "high": 212.87, "low": 212.83999999999997, "close": 212.86, "vol": 20.54}
{"id": 1583339917, "open": 314.45, "high": 314.45, "low": 314.15, "close": 314.15999999999997, "vol": 11.55}
{"id": 1583339918, "open": 7.747999999999999, "high": 7.747999999999999, "low": 7.718999999999999, "close": 7.721, "vol": 13.28}
{"id": 1583339918, "open": 8748.8, "high": 8749.0, "low": 8748.8, "close": 8749.0, "vol": 12.85}
{"id": 1583339918, "open": 59.375, "high": 59.375, "low": 59.275, "close": 59.275, "vol": 18.66}
{"id": 1583339918, "open": 59.375, "high": 59.375, "low": 59.275, "close": 59.275, "vol": 20.68}
{"id": 1583339919, "open": 7.747999999999999, "high": 7.747999999999999, "low": 7.718999999999999, "close": 7.7219999999999995, "vol": 11.56}
{"id": 1583339920, "open": 59.375, "high": 59.375, "low": 59.275, "close": 59.275, "vol": 20.99}
{"id": 1583339920, "open": 314.45, "high": 314.45, "low": 314.10999999999996, "close": 314.12, "vol": 14.65}
{"id": 1583339920, "open": 314.45, "high": 314.45, "low": 314.10999999999996, "close": 314.12, "vol": 16.75}
{"id": 1583339920, "open": 8748.8, "high": 8749.0, "low": 8748.8, "close": 8749.0, "vol": 17.1}
{"id": 1583339920, "open": 8748.8, "high": 8749.0, "low": 8748.8, "close": 8749.0, "vol": 23.67}
{"id": 1583339920, "open": 7.747999999999999, "high": 7.747999999999999, "low": 7.718999999999999, "close": 7.72, "vol": 11.15}
{"id": 1583339921, "open": 7.747999999999999, "high": 7.747999999999999, "low": 7.718999999999999, "close": 7.718999999999999, "vol": 16.65}
{"id": 1583339921, "open": 7.747999999999999, "high": 7.747999999999999, "low": 7.718999999999999, "close": 7.718999999999999, "vol": 12.99}
{"id": 1583339921, "open": 7.747999999999999, "high": 7.747999999999999, "low": 7.718999999999999, "close": 7.718999999999999, "vol": 20.29}
{"id": 1583339921, "open": 212.87, "high": 212.87, "low": 212.83999999999997, "close": 212.85000000000002, "vol": 21.07}
{"id": 1583339922, "open": 212.87, "high": 212.87, "low": 212.81, "close": 212.81, "vol": 12.99}
{"id": 1583339922, "open": 8748.8, "high": 8749.0, "low": 8748.8, "close": 8749.0, "vol": 12.75}
{"id": 1583339924, "open": 212.87, "high": 212.87, "low": 212.81, "close": 212.81, "vol": 18.22}
{"id": 1583339924, "open": 7.747999999999999, "high": 7.747999999999999, "low": 7.715999999999999, "close": 7.715999999999999, "vol": 23.5}
{"id": 1583339924, "open": 7.747999999999999, "high": 7.747999999999999, "low": 7.715999999999999, "close": 7.718999999999999, "vol": 20.67}
{"id": 1583339926, "open": 7.747999999999999, "high": 7.747999999999999, "low": 7.715999999999999, "close": 7.718, "vol": 17.41}
{"id": 1583339926, "open": 7.747999999999999, "high": 7.747999999999999, "low": 7.715999999999999, "close": 7.718999999999999, "vol": 18.56}
{"id": 1583339926, "open": 7.747999999999999, "high": 7.747999999999999, "low": 7.715999999999999, "close": 7.718999999999999, "vol": 10.55}
{"id": 1583339926, "open": 7.747999999999999, "high": 7.747999999999999, "low": 7.715999999999999, "close": 7.718999999999999, "vol": 14.38}
{"id": 1583339929, "open": 7.747999999999999, "high": 7.747999999999999, "low": 7.715999999999999, "close": 7.718, "vol": 12.94}
{"id": 1583339930, "open": 7.747999999999999, "high": 7.747999999999999, "low": 7.715999999999999, "close": 7.718, "vol": 19.49}
{"id": 1583339930, "open": 8748.8, "high": 8749.0, "low": 8748.8, "close": 8749.0, "vol": 16.51}
{"id": 1583339930, "open": 0.0171, "high": 0.0171, "low": 0.01707, "close": 0.01707, "vol": 12.63}
{"id": 1583339931, "open": 7.747999999999999, "high": 7.747999999999999, "low": 7.715999999999999, "close": 7.718999999999999, "vol": 12.26}
{"id": 1583339931, "open": 0.2329, "high": 0.2329, "low": 0.2322, "close": 0.2322, "vol": 23.71}
{"id": 1583339931, "open": 3.6292, "high": 3.6292, "low": 3.6262, "close": 3.6262, "vol": 23.18}
{"id": 1583339932, "open": 212.87, "high": 212.87, "low": 212.81, "close": 212.82, "vol": 15.13}
{"id": 1583339932, "open": 7.747999999999999, "high": 7.747999999999999, "low": 7.715999999999999, "close": 7.72, "vol": 16.1}
{"id": 1583339932, "open": 314.45, "high": 314.45, "low": 314.09999999999997, "close": 314.09999999999997, "vol": 20.57}
{"id": 1583339932, "open": 7.747999999999999, "high": 7.747999999999999, "low": 7.715999999999999, "close": 7.721, "vol": 10.33}
{"id": 1583339932, "open": 7.747999999999999, "high": 7.747999999999999, "low": 7.715999999999999, "close": 7.72, "vol": 13.11}
{"id": 1583339933, "open": 314.45, "high": 314.45, "low": 314.09999999999997, "close": 314.10999999999996, "vol": 23.27}
{"id": 1583339933, "open": 314.45, "high": 314.45, "low": 314.09999999999997, "close": 314.10999999999996, "vol": 16.23}
{"id": 1583339933, "open": 0.2329, "high": 0.2329, "low": 0.2322, "close": 0.2322, "vol": 20.25}
{"id": 1583339933, "open": 7.747999999999999, "high": 7.747999999999999, "low": 7.715999999999999, "close": 7.7219999999999995, "vol": 12.87}
{"id": 1583339933, "open": 3.6292, "high": 3.6292, "low": 3.6262, "close": 3.6262, "vol": 12.9}
{"id": 1583339933, "open": 0.2329, "high": 0.2329, "low": 0.2322, "close": 0.2322, "vol": 16.17}
{"id": 1583339933, "open": 314.45, "high": 314.45, "low": 314.09999999999997, "close": 314.16999999999996, "vol": 16.39}
{"id": 1583339933, "open": 59.375, "high": 59.375, "low": 59.245, "close": 59.245, "vol": 13.21}
{"id": 1583339933, "open": 3.6292, "high": 3.6292, "low": 3.6262, "close": 3.6262, "vol": 9.25}
{"id": 1583339934, "open": 59.375, "high": 59.375, "low": 59.245, "close": 59.245, "vol": 23.27}
{"id": 1583339934, "open": 3.6292, "high": 3.6292, "low": 3.6262, "close": 3.6262, "vol": 14.08}
{"id": 1583339934, "open": 7.747999999999999, "high": 7.747999999999999, "low": 7.715999999999999, "close": 7.721, "vol": 22.88}
{"id": 1583339935, "open": 0.2329, "high": 0.2329, "low": 0.2322, "close": 0.2322, "vol": 17.98}
{"id": 1583339936, "open": 3.6292, "high": 3.6292, "low": 3.6262, "close": 3.6262, "vol": 15.72}
{"id": 1583339936, "open": 59.375, "high": 59.375, "low": 59.245, "close": 59.245, "vol": 9.15}
{"id": 1583339936, "open": 0.2329, "high": 0.2329, "low": 0.2322, "close": 0.2322, "vol": 22.33}
{"id": 1583339936, "open": 3.6292, "high": 3.6292, "low": 3.6262, "close": 3.6262, "vol": 11.28}
{"id": 1583339937, "open": 8748.8, "high": 8749.0, "low": 8748.8, "close": 8749.0, "vol": 11.76}
{"id": 1583339937, "open": 3.6292, "high": 3.6292, "low": 3.6262, "close": 3.6262, "vol": 11.75}
{"id": 1583339937, "open": 3.6292, "high": 3.6292, "low": 3.6262, "close": 3.6262, "vol": 15.45}
{"id": 1583339937, "open": 59.375, "high": 59.375, "low": 59.245, "close": 59.245, "vol": 9.02}
{"id": 1583339937, "open": 59.375, "high": 59.375, "low": 59.245, "close": 59.245, "vol": 17.66}
{"id": 1583339937, "open": 8748.8, "high": 8749.0, "low": 8748.8, "close": 8749.0, "vol": 18.87}
Process ForkPoolWorker-1:
Traceback (most recent call last):
  File "ok_fk_ht.py", line 103, in <module>
    p.join()
  File "/usr/local/python3/lib/python3.7/multiprocessing/pool.py", line 556, in join
    self._worker_handler.join()
  File "/usr/local/python3/lib/python3.7/threading.py", line 1032, in join
    self._wait_for_tstate_lock()
  File "/usr/local/python3/lib/python3.7/threading.py", line 1048, in _wait_for_tstate_lock
    elif lock.acquire(block, timeout):
KeyboardInterrupt
Traceback (most recent call last):
  File "/usr/local/python3/lib/python3.7/multiprocessing/process.py", line 297, in _bootstrap
    self.run()
  File "/usr/local/python3/lib/python3.7/multiprocessing/process.py", line 99, in run
    self._target(*self._args, **self._kwargs)
  File "/usr/local/python3/lib/python3.7/multiprocessing/pool.py", line 121, in worker
    result = (True, func(*args, **kwds))
  File "ok_fk_ht.py", line 30, in getname
    t1.join()
  File "/usr/local/python3/lib/python3.7/threading.py", line 1032, in join
    self._wait_for_tstate_lock()
  File "/usr/local/python3/lib/python3.7/threading.py", line 1048, in _wait_for_tstate_lock
    elif lock.acquire(block, timeout):
KeyboardInterrupt
